

============================== 2024-02-06 08:58:07.699451 | dfb67a91-2f61-42b8-8051-c6126e42a834 ==============================
[0m08:58:07.699451 [info ] [MainThread]: Running with dbt=1.3.7
[0m08:58:07.700312 [debug] [MainThread]: running dbt with arguments {'write_json': True, 'use_colors': True, 'printer_width': 80, 'version_check': True, 'partial_parse': True, 'static_parser': True, 'profiles_dir': 'C:\\Users\\prana\\.dbt', 'send_anonymous_usage_stats': True, 'event_buffer_size': 100000, 'quiet': False, 'no_print': False, 'cache_selected_only': False, 'skip_profile_setup': False, 'which': 'init', 'indirect_selection': 'eager'}
[0m08:58:07.700312 [debug] [MainThread]: Tracking: tracking
[0m08:58:07.726669 [debug] [MainThread]: Sending event: {'category': 'dbt', 'action': 'invocation', 'label': 'start', 'context': [<snowplow_tracker.self_describing_json.SelfDescribingJson object at 0x0000029BA69C7250>, <snowplow_tracker.self_describing_json.SelfDescribingJson object at 0x0000029BA69C6470>, <snowplow_tracker.self_describing_json.SelfDescribingJson object at 0x0000029BA69C6830>]}
[0m08:58:16.863940 [debug] [MainThread]: Starter project path: C:\Users\prana\AppData\Local\Programs\Python\Python310\lib\site-packages\dbt\include\starter_project
[0m08:58:20.335918 [info ] [MainThread]: 
Your new dbt project "demo_postgres_airflow" was created!

For more information on how to configure the profiles.yml file,
please consult the dbt documentation here:

  https://docs.getdbt.com/docs/configure-your-profile

One more thing:

Need help? Don't hesitate to reach out to us via GitHub issues or on Slack:

  https://community.getdbt.com/

Happy modeling!

[0m08:58:20.335918 [debug] [MainThread]: Sending event: {'category': 'dbt', 'action': 'invocation', 'label': 'end', 'context': [<snowplow_tracker.self_describing_json.SelfDescribingJson object at 0x0000029BA69C6050>, <snowplow_tracker.self_describing_json.SelfDescribingJson object at 0x0000029BA69C6830>, <snowplow_tracker.self_describing_json.SelfDescribingJson object at 0x0000029BA69C5D50>]}
[0m08:58:20.335918 [debug] [MainThread]: Flushing usage events


============================== 2024-03-18 17:37:41.017718 | 9a5c8220-fd3d-4969-90ba-e0eea6bc2a05 ==============================
[0m17:37:41.017718 [info ] [MainThread]: Running with dbt=1.3.7
[0m17:37:41.018720 [debug] [MainThread]: running dbt with arguments {'write_json': True, 'use_colors': True, 'printer_width': 80, 'version_check': True, 'partial_parse': True, 'static_parser': True, 'profiles_dir': 'C:\\Users\\prana\\.dbt', 'send_anonymous_usage_stats': True, 'event_buffer_size': 100000, 'quiet': False, 'no_print': False, 'cache_selected_only': False, 'skip_profile_setup': False, 'which': 'init', 'indirect_selection': 'eager'}
[0m17:37:41.019681 [debug] [MainThread]: Tracking: tracking
[0m17:37:41.037667 [debug] [MainThread]: Sending event: {'category': 'dbt', 'action': 'invocation', 'label': 'start', 'context': [<snowplow_tracker.self_describing_json.SelfDescribingJson object at 0x00000202C3C574C0>, <snowplow_tracker.self_describing_json.SelfDescribingJson object at 0x00000202C3C566E0>, <snowplow_tracker.self_describing_json.SelfDescribingJson object at 0x00000202C3C56AA0>]}
[0m17:37:50.527977 [debug] [MainThread]: Starter project path: C:\Users\prana\AppData\Local\Programs\Python\Python310\lib\site-packages\dbt\include\starter_project
[0m17:37:54.182664 [info ] [MainThread]: 
Your new dbt project "nessie_iceberg_spark" was created!

For more information on how to configure the profiles.yml file,
please consult the dbt documentation here:

  https://docs.getdbt.com/docs/configure-your-profile

One more thing:

Need help? Don't hesitate to reach out to us via GitHub issues or on Slack:

  https://community.getdbt.com/

Happy modeling!

[0m17:37:54.185664 [debug] [MainThread]: Sending event: {'category': 'dbt', 'action': 'invocation', 'label': 'end', 'context': [<snowplow_tracker.self_describing_json.SelfDescribingJson object at 0x00000202C3C562C0>, <snowplow_tracker.self_describing_json.SelfDescribingJson object at 0x00000202C3C56AA0>, <snowplow_tracker.self_describing_json.SelfDescribingJson object at 0x00000202C3C55FC0>]}
[0m17:37:54.185664 [debug] [MainThread]: Flushing usage events
